<?xml version="1.0" encoding="UTF-8"?>
<robot generator="Robot 3.2.2 (Python 3.8.5 on win32)" generated="20200909 08:52:32.457" rpa="false">
<suite id="s1" name="UserProfileTest" source="C:\Users\User\Documents\GitHub\olyBet\TestCases\UserProfileTest.robot">
<test id="s1-t1" name="HandligAlerts">
<kw name="Navigate to the page">
<kw name="Open Browser" library="SeleniumLibrary">
<doc>Opens a new browser instance to the optional ``url``.</doc>
<arguments>
<arg>${url}</arg>
<arg>${browser}</arg>
</arguments>
<msg timestamp="20200909 08:52:32.628" level="INFO">Opening browser 'chrome' to base url 'https://www.olybet.lt/user/profile'.</msg>
<status status="PASS" starttime="20200909 08:52:32.628" endtime="20200909 08:52:38.175"></status>
</kw>
<kw name="Maximize Browser Window" library="SeleniumLibrary">
<doc>Maximizes current browser window.</doc>
<status status="PASS" starttime="20200909 08:52:38.175" endtime="20200909 08:54:30.559"></status>
</kw>
<kw name="Sleep" library="BuiltIn">
<doc>Pauses the test executed for the given time.</doc>
<arguments>
<arg>4</arg>
</arguments>
<msg timestamp="20200909 08:54:34.560" level="INFO">Slept 4 seconds</msg>
<status status="PASS" starttime="20200909 08:54:30.559" endtime="20200909 08:54:34.560"></status>
</kw>
<kw name="Wait Until Page Contains Element" library="SeleniumLibrary">
<doc>Waits until the element ``locator`` appears on the current page.</doc>
<arguments>
<arg>id:onesignal-slidedown-dialog</arg>
</arguments>
<status status="PASS" starttime="20200909 08:54:34.560" endtime="20200909 08:54:34.581"></status>
</kw>
<kw name="Click Element" library="SeleniumLibrary">
<doc>Click the element identified by ``locator``.</doc>
<arguments>
<arg>${slide_down_container_cancel_btn}</arg>
</arguments>
<msg timestamp="20200909 08:54:34.581" level="INFO">Clicking element 'id:onesignal-slidedown-cancel-button'.</msg>
<status status="PASS" starttime="20200909 08:54:34.581" endtime="20200909 08:54:34.686"></status>
</kw>
<status status="PASS" starttime="20200909 08:52:32.627" endtime="20200909 08:54:34.686"></status>
</kw>
<kw name="Login">
<kw name="Click Element" library="SeleniumLibrary">
<doc>Click the element identified by ``locator``.</doc>
<arguments>
<arg>${login_btn}</arg>
</arguments>
<msg timestamp="20200909 08:54:34.687" level="INFO">Clicking element 'class:item-login'.</msg>
<kw name="Capture Page Screenshot" library="SeleniumLibrary">
<doc>Takes a screenshot of the current page and embeds it into a log file.</doc>
<msg timestamp="20200909 08:54:35.805" level="INFO" html="yes">&lt;/td&gt;&lt;/tr&gt;&lt;tr&gt;&lt;td colspan="3"&gt;&lt;a href="selenium-screenshot-62.png"&gt;&lt;img src="selenium-screenshot-62.png" width="800px"&gt;&lt;/a&gt;</msg>
<status status="PASS" starttime="20200909 08:54:34.719" endtime="20200909 08:54:35.805"></status>
</kw>
<msg timestamp="20200909 08:54:35.806" level="FAIL">ElementNotInteractableException: Message: element not interactable
  (Session info: chrome=85.0.4183.83)
</msg>
<status status="FAIL" starttime="20200909 08:54:34.687" endtime="20200909 08:54:35.806"></status>
</kw>
<status status="FAIL" starttime="20200909 08:54:34.687" endtime="20200909 08:54:35.806"></status>
</kw>
<status status="FAIL" starttime="20200909 08:52:32.627" endtime="20200909 08:54:35.807" critical="yes">ElementNotInteractableException: Message: element not interactable
  (Session info: chrome=85.0.4183.83)
</status>
</test>
<status status="FAIL" starttime="20200909 08:52:32.459" endtime="20200909 08:54:35.810"></status>
</suite>
<statistics>
<total>
<stat pass="0" fail="1">Critical Tests</stat>
<stat pass="0" fail="1">All Tests</stat>
</total>
<tag>
</tag>
<suite>
<stat pass="0" fail="1" id="s1" name="UserProfileTest">UserProfileTest</stat>
</suite>
</statistics>
<errors>
</errors>
</robot>
